<testsuite name="myfeature.OrangeHRM logo" tests="1" errors="1" failures="0" skipped="0" time="19.498902" timestamp="2020-06-23T17:04:54.763725" hostname="DESKTOP-CG4A4IA"><testcase classname="myfeature.OrangeHRM logo" name="Logo presence on OrangeHRM home page" status="failed" time="19.498902"><error type="NoSuchElementException" message="Message: no such element: Unable to locate element: {&quot;method&quot;:&quot;xpath&quot;,&quot;selector&quot;:&quot;//div[@id='divLogo']//img22&quot;}&#10;  (Session info: chrome=83.0.4103.106)&#10;">
<![CDATA[
Failing step: Then verify that the logo present on page ... failed in 5.285s
Location: myfeature.feature:6
Traceback (most recent call last):
  File "c:\program files\python38\lib\site-packages\behave\model.py", line 1329, in run
    match.run(runner.context)
  File "c:\program files\python38\lib\site-packages\behave\matchers.py", line 98, in run
    self.func(context, *args, **kwargs)
  File "steps\orangehrm_steps.py", line 28, in verifylogo
    status_page = context.driver.find_element_by_xpath("//div[@id='divLogo']//img22").is_displayed()
  File "c:\program files\python38\lib\site-packages\selenium\webdriver\remote\webdriver.py", line 394, in find_element_by_xpath
    return self.find_element(by=By.XPATH, value=xpath)
  File "c:\program files\python38\lib\site-packages\selenium\webdriver\remote\webdriver.py", line 976, in find_element
    return self.execute(Command.FIND_ELEMENT, {
  File "c:\program files\python38\lib\site-packages\selenium\webdriver\remote\webdriver.py", line 321, in execute
    self.error_handler.check_response(response)
  File "c:\program files\python38\lib\site-packages\selenium\webdriver\remote\errorhandler.py", line 242, in check_response
    raise exception_class(message, screen, stacktrace)
selenium.common.exceptions.NoSuchElementException: Message: no such element: Unable to locate element: {"method":"xpath","selector":"//div[@id='divLogo']//img22"}
  (Session info: chrome=83.0.4103.106)

]]>
</error><system-out>
<![CDATA[
@scenario.begin
  Scenario: Logo presence on OrangeHRM home page
    Given launch chrome browser ... passed in 7.847s
    When open orange hrm homepage ... passed in 6.367s
    Then verify that the logo present on page ... failed in 5.285s
    And Close browser ... skipped in 0.000s

@scenario.end
--------------------------------------------------------------------------------
]]>
</system-out></testcase></testsuite>